<?xml version="1.0" encoding="UTF-8"?>
<coverage generated="1687321407317" clover="3.2.0">
  <project timestamp="1687321407317" name="All files">
    <metrics statements="167" coveredstatements="144" conditionals="104" coveredconditionals="58" methods="22" coveredmethods="20" elements="293" coveredelements="222" complexity="0" loc="167" ncloc="167" packages="5" files="6" classes="6"/>
    <package name="PHASE_2_ASS">
      <metrics statements="21" coveredstatements="21" conditionals="12" coveredconditionals="7" methods="7" coveredmethods="6"/>
      <file name="global_function.js" path="D:\ASSESMENT1\PHASE_2_ASS\global_function.js">
        <metrics statements="21" coveredstatements="21" conditionals="12" coveredconditionals="7" methods="7" coveredmethods="6"/>
        <line num="1" count="1" type="stmt"/>
        <line num="3" count="1" type="stmt"/>
        <line num="4" count="13" type="cond" truecount="3" falsecount="1"/>
        <line num="5" count="13" type="stmt"/>
        <line num="8" count="13" type="cond" truecount="1" falsecount="1"/>
        <line num="9" count="13" type="stmt"/>
        <line num="12" count="1" type="stmt"/>
        <line num="13" count="6" type="stmt"/>
        <line num="15" count="6" type="cond" truecount="1" falsecount="1"/>
        <line num="16" count="6" type="stmt"/>
        <line num="19" count="6" type="cond" truecount="1" falsecount="1"/>
        <line num="20" count="6" type="stmt"/>
        <line num="23" count="1" type="stmt"/>
        <line num="24" count="39" type="stmt"/>
        <line num="27" count="18" type="stmt"/>
        <line num="30" count="21" type="stmt"/>
        <line num="35" count="1" type="stmt"/>
        <line num="36" count="9" type="cond" truecount="1" falsecount="1"/>
        <line num="39" count="9" type="stmt"/>
        <line num="43" count="1" type="stmt"/>
        <line num="47" count="1" type="stmt"/>
      </file>
    </package>
    <package name="PHASE_2_ASS.config">
      <metrics statements="22" coveredstatements="22" conditionals="0" coveredconditionals="0" methods="0" coveredmethods="0"/>
      <file name="config.js" path="D:\ASSESMENT1\PHASE_2_ASS\config\config.js">
        <metrics statements="19" coveredstatements="19" conditionals="0" coveredconditionals="0" methods="0" coveredmethods="0"/>
        <line num="1" count="1" type="stmt"/>
        <line num="3" count="1" type="stmt"/>
        <line num="5" count="1" type="stmt"/>
        <line num="6" count="1" type="stmt"/>
        <line num="7" count="1" type="stmt"/>
        <line num="8" count="1" type="stmt"/>
        <line num="9" count="1" type="stmt"/>
        <line num="10" count="1" type="stmt"/>
        <line num="11" count="1" type="stmt"/>
        <line num="12" count="1" type="stmt"/>
        <line num="13" count="1" type="stmt"/>
        <line num="14" count="1" type="stmt"/>
        <line num="15" count="1" type="stmt"/>
        <line num="16" count="1" type="stmt"/>
        <line num="18" count="1" type="stmt"/>
        <line num="19" count="1" type="stmt"/>
        <line num="20" count="1" type="stmt"/>
        <line num="21" count="1" type="stmt"/>
        <line num="22" count="1" type="stmt"/>
      </file>
      <file name="constant.js" path="D:\ASSESMENT1\PHASE_2_ASS\config\constant.js">
        <metrics statements="3" coveredstatements="3" conditionals="0" coveredconditionals="0" methods="0" coveredmethods="0"/>
        <line num="1" count="1" type="stmt"/>
        <line num="3" count="1" type="stmt"/>
        <line num="5" count="1" type="stmt"/>
      </file>
    </package>
    <package name="PHASE_2_ASS.controller.taxController">
      <metrics statements="49" coveredstatements="48" conditionals="32" coveredconditionals="22" methods="7" coveredmethods="7"/>
      <file name="taxController.js" path="D:\ASSESMENT1\PHASE_2_ASS\controller\taxController\taxController.js">
        <metrics statements="49" coveredstatements="48" conditionals="32" coveredconditionals="22" methods="7" coveredmethods="7"/>
        <line num="1" count="1" type="stmt"/>
        <line num="2" count="1" type="stmt"/>
        <line num="3" count="1" type="stmt"/>
        <line num="6" count="1" type="stmt"/>
        <line num="7" count="1" type="stmt"/>
        <line num="8" count="1" type="stmt"/>
        <line num="9" count="1" type="stmt"/>
        <line num="25" count="1" type="stmt"/>
        <line num="26" count="2" type="stmt"/>
        <line num="27" count="2" type="cond" truecount="2" falsecount="0"/>
        <line num="28" count="1" type="cond" truecount="1" falsecount="1"/>
        <line num="30" count="1" type="stmt"/>
        <line num="46" count="1" type="stmt"/>
        <line num="47" count="2" type="stmt"/>
        <line num="48" count="2" type="cond" truecount="2" falsecount="0"/>
        <line num="49" count="1" type="cond" truecount="1" falsecount="1"/>
        <line num="51" count="1" type="stmt"/>
        <line num="69" count="1" type="stmt"/>
        <line num="70" count="2" type="stmt"/>
        <line num="71" count="2" type="cond" truecount="2" falsecount="0"/>
        <line num="72" count="1" type="cond" truecount="1" falsecount="1"/>
        <line num="74" count="1" type="stmt"/>
        <line num="90" count="1" type="stmt"/>
        <line num="91" count="2" type="stmt"/>
        <line num="92" count="2" type="cond" truecount="2" falsecount="0"/>
        <line num="93" count="1" type="cond" truecount="1" falsecount="1"/>
        <line num="95" count="1" type="stmt"/>
        <line num="111" count="1" type="stmt"/>
        <line num="112" count="2" type="stmt"/>
        <line num="113" count="2" type="cond" truecount="2" falsecount="0"/>
        <line num="114" count="1" type="cond" truecount="1" falsecount="1"/>
        <line num="116" count="1" type="stmt"/>
        <line num="133" count="1" type="stmt"/>
        <line num="134" count="5" type="stmt"/>
        <line num="135" count="5" type="cond" truecount="2" falsecount="0"/>
        <line num="136" count="1" type="cond" truecount="1" falsecount="1"/>
        <line num="138" count="1" type="stmt"/>
        <line num="141" count="1" type="stmt"/>
        <line num="142" count="4" type="cond" truecount="3" falsecount="1"/>
        <line num="143" count="4" type="cond" truecount="1" falsecount="1"/>
        <line num="144" count="0" type="cond" truecount="0" falsecount="2"/>
        <line num="146" count="1" type="stmt"/>
        <line num="149" count="1" type="stmt"/>
        <line num="150" count="1" type="stmt"/>
        <line num="151" count="1" type="stmt"/>
        <line num="152" count="1" type="stmt"/>
        <line num="153" count="1" type="stmt"/>
        <line num="154" count="1" type="stmt"/>
        <line num="155" count="1" type="stmt"/>
      </file>
    </package>
    <package name="PHASE_2_ASS.routes.validators.taxValidator">
      <metrics statements="3" coveredstatements="3" conditionals="0" coveredconditionals="0" methods="0" coveredmethods="0"/>
      <file name="taxValidator.js" path="D:\ASSESMENT1\PHASE_2_ASS\routes\validators\taxValidator\taxValidator.js">
        <metrics statements="3" coveredstatements="3" conditionals="0" coveredconditionals="0" methods="0" coveredmethods="0"/>
        <line num="1" count="1" type="stmt"/>
        <line num="3" count="1" type="stmt"/>
        <line num="29" count="1" type="stmt"/>
      </file>
    </package>
    <package name="PHASE_2_ASS.service.taxService">
      <metrics statements="72" coveredstatements="50" conditionals="60" coveredconditionals="29" methods="8" coveredmethods="7"/>
      <file name="taxService.js" path="D:\ASSESMENT1\PHASE_2_ASS\service\taxService\taxService.js">
        <metrics statements="72" coveredstatements="50" conditionals="60" coveredconditionals="29" methods="8" coveredmethods="7"/>
        <line num="1" count="1" type="stmt"/>
        <line num="2" count="1" type="stmt"/>
        <line num="3" count="1" type="stmt"/>
        <line num="4" count="1" type="stmt"/>
        <line num="5" count="1" type="stmt"/>
        <line num="22" count="1" type="stmt"/>
        <line num="23" count="2" type="stmt"/>
        <line num="24" count="2" type="cond" truecount="2" falsecount="0"/>
        <line num="25" count="1" type="cond" truecount="1" falsecount="1"/>
        <line num="27" count="1" type="stmt"/>
        <line num="43" count="1" type="stmt"/>
        <line num="44" count="2" type="stmt"/>
        <line num="45" count="2" type="cond" truecount="2" falsecount="0"/>
        <line num="46" count="1" type="cond" truecount="1" falsecount="1"/>
        <line num="48" count="1" type="stmt"/>
        <line num="64" count="1" type="stmt"/>
        <line num="65" count="2" type="stmt"/>
        <line num="68" count="2" type="cond" truecount="2" falsecount="0"/>
        <line num="69" count="1" type="cond" truecount="1" falsecount="1"/>
        <line num="71" count="1" type="stmt"/>
        <line num="87" count="1" type="stmt"/>
        <line num="88" count="2" type="stmt"/>
        <line num="95" count="2" type="cond" truecount="2" falsecount="0"/>
        <line num="96" count="1" type="cond" truecount="1" falsecount="1"/>
        <line num="98" count="1" type="stmt"/>
        <line num="114" count="1" type="stmt"/>
        <line num="115" count="2" type="stmt"/>
        <line num="122" count="2" type="cond" truecount="2" falsecount="0"/>
        <line num="123" count="1" type="cond" truecount="1" falsecount="1"/>
        <line num="125" count="1" type="stmt"/>
        <line num="141" count="1" type="stmt"/>
        <line num="142" count="5" type="stmt"/>
        <line num="147" count="5" type="cond" truecount="2" falsecount="0"/>
        <line num="148" count="4" type="cond" truecount="2" falsecount="0"/>
        <line num="150" count="3" type="stmt"/>
        <line num="151" count="3" type="cond" truecount="2" falsecount="0"/>
        <line num="152" count="2" type="stmt"/>
        <line num="153" count="2" type="cond" truecount="1" falsecount="1"/>
        <line num="154" count="2" type="cond" truecount="2" falsecount="0"/>
        <line num="155" count="1" type="stmt"/>
        <line num="156" count="2" type="cond" truecount="2" falsecount="0"/>
        <line num="157" count="1" type="stmt"/>
        <line num="161" count="2" type="stmt"/>
        <line num="170" count="2" type="cond" truecount="2" falsecount="0"/>
        <line num="171" count="1" type="cond" truecount="1" falsecount="1"/>
        <line num="173" count="1" type="stmt"/>
        <line num="176" count="1" type="stmt"/>
        <line num="177" count="4" type="stmt"/>
        <line num="179" count="4" type="stmt"/>
        <line num="188" count="0" type="cond" truecount="0" falsecount="2"/>
        <line num="189" count="0" type="cond" truecount="0" falsecount="5"/>
        <line num="190" count="0" type="stmt"/>
        <line num="192" count="0" type="cond" truecount="0" falsecount="5"/>
        <line num="193" count="0" type="stmt"/>
        <line num="194" count="0" type="stmt"/>
        <line num="196" count="0" type="cond" truecount="0" falsecount="4"/>
        <line num="197" count="0" type="stmt"/>
        <line num="198" count="0" type="stmt"/>
        <line num="199" count="0" type="stmt"/>
        <line num="200" count="0" type="cond" truecount="0" falsecount="2"/>
        <line num="202" count="0" type="stmt"/>
        <line num="203" count="0" type="cond" truecount="0" falsecount="2"/>
        <line num="204" count="0" type="stmt"/>
        <line num="205" count="0" type="stmt"/>
        <line num="207" count="0" type="cond" truecount="0" falsecount="4"/>
        <line num="208" count="0" type="stmt"/>
        <line num="209" count="0" type="stmt"/>
        <line num="210" count="0" type="stmt"/>
        <line num="213" count="0" type="stmt"/>
        <line num="214" count="0" type="stmt"/>
        <line num="215" count="0" type="stmt"/>
        <line num="223" count="1" type="stmt"/>
      </file>
    </package>
  </project>
</coverage>
