{"D:\\ASSESMENT1\\PHASE_2_ASS\\global_function.js": {"path":"D:\\ASSESMENT1\\PHASE_2_ASS\\global_function.js","statementMap":{"0":{"start":{"line":1,"column":11},"end":{"line":1,"column":33}},"1":{"start":{"line":3,"column":12},"end":{"line":10,"column":1}},"2":{"start":{"line":4,"column":2},"end":{"line":6,"column":3}},"3":{"start":{"line":5,"column":4},"end":{"line":5,"column":22}},"4":{"start":{"line":8,"column":2},"end":{"line":8,"column":57}},"5":{"start":{"line":8,"column":35},"end":{"line":8,"column":57}},"6":{"start":{"line":9,"column":2},"end":{"line":9,"column":50}},"7":{"start":{"line":12,"column":12},"end":{"line":21,"column":1}},"8":{"start":{"line":13,"column":18},"end":{"line":13,"column":35}},"9":{"start":{"line":15,"column":2},"end":{"line":17,"column":3}},"10":{"start":{"line":16,"column":4},"end":{"line":16,"column":47}},"11":{"start":{"line":19,"column":2},"end":{"line":19,"column":57}},"12":{"start":{"line":19,"column":35},"end":{"line":19,"column":57}},"13":{"start":{"line":20,"column":2},"end":{"line":20,"column":29}},"14":{"start":{"line":23,"column":11},"end":{"line":33,"column":1}},"15":{"start":{"line":24,"column":2},"end":{"line":32,"column":6}},"16":{"start":{"line":27,"column":6},"end":{"line":27,"column":26}},"17":{"start":{"line":30,"column":6},"end":{"line":30,"column":22}},"18":{"start":{"line":35,"column":11},"end":{"line":40,"column":1}},"19":{"start":{"line":36,"column":2},"end":{"line":38,"column":3}},"20":{"start":{"line":39,"column":2},"end":{"line":39,"column":31}},"21":{"start":{"line":43,"column":0},"end":{"line":45,"column":3}},"22":{"start":{"line":47,"column":0},"end":{"line":47,"column":38}}},"fnMap":{"0":{"name":"(anonymous_0)","decl":{"start":{"line":3,"column":12},"end":{"line":3,"column":13}},"loc":{"start":{"line":3,"column":44},"end":{"line":10,"column":1}},"line":3},"1":{"name":"(anonymous_1)","decl":{"start":{"line":12,"column":12},"end":{"line":12,"column":13}},"loc":{"start":{"line":12,"column":39},"end":{"line":21,"column":1}},"line":12},"2":{"name":"(anonymous_2)","decl":{"start":{"line":23,"column":11},"end":{"line":23,"column":12}},"loc":{"start":{"line":23,"column":30},"end":{"line":33,"column":1}},"line":23},"3":{"name":"(anonymous_3)","decl":{"start":{"line":25,"column":10},"end":{"line":25,"column":11}},"loc":{"start":{"line":25,"column":18},"end":{"line":28,"column":5}},"line":25},"4":{"name":"(anonymous_4)","decl":{"start":{"line":28,"column":13},"end":{"line":28,"column":14}},"loc":{"start":{"line":28,"column":20},"end":{"line":31,"column":5}},"line":28},"5":{"name":"(anonymous_5)","decl":{"start":{"line":35,"column":11},"end":{"line":35,"column":12}},"loc":{"start":{"line":35,"column":39},"end":{"line":40,"column":1}},"line":35},"6":{"name":"(anonymous_6)","decl":{"start":{"line":43,"column":33},"end":{"line":43,"column":34}},"loc":{"start":{"line":43,"column":42},"end":{"line":45,"column":1}},"line":43}},"branchMap":{"0":{"loc":{"start":{"line":4,"column":2},"end":{"line":6,"column":3}},"type":"if","locations":[{"start":{"line":4,"column":2},"end":{"line":6,"column":3}},{"start":{},"end":{}}],"line":4},"1":{"loc":{"start":{"line":4,"column":6},"end":{"line":4,"column":65}},"type":"binary-expr","locations":[{"start":{"line":4,"column":6},"end":{"line":4,"column":28}},{"start":{"line":4,"column":32},"end":{"line":4,"column":65}}],"line":4},"2":{"loc":{"start":{"line":8,"column":2},"end":{"line":8,"column":57}},"type":"if","locations":[{"start":{"line":8,"column":2},"end":{"line":8,"column":57}},{"start":{},"end":{}}],"line":8},"3":{"loc":{"start":{"line":15,"column":2},"end":{"line":17,"column":3}},"type":"if","locations":[{"start":{"line":15,"column":2},"end":{"line":17,"column":3}},{"start":{},"end":{}}],"line":15},"4":{"loc":{"start":{"line":19,"column":2},"end":{"line":19,"column":57}},"type":"if","locations":[{"start":{"line":19,"column":2},"end":{"line":19,"column":57}},{"start":{},"end":{}}],"line":19},"5":{"loc":{"start":{"line":36,"column":2},"end":{"line":38,"column":3}},"type":"if","locations":[{"start":{"line":36,"column":2},"end":{"line":38,"column":3}},{"start":{},"end":{}}],"line":36}},"s":{"0":1,"1":1,"2":2,"3":2,"4":2,"5":2,"6":2,"7":1,"8":0,"9":0,"10":0,"11":0,"12":0,"13":0,"14":1,"15":2,"16":0,"17":2,"18":1,"19":0,"20":0,"21":1,"22":1},"f":{"0":2,"1":0,"2":2,"3":0,"4":2,"5":0,"6":0},"b":{"0":[2,0],"1":[2,2],"2":[2,0],"3":[0,0],"4":[0,0],"5":[0,0]},"_coverageSchema":"1a1c01bbd47fc00a2c39e90264f33305004495a9","hash":"12caad20d0512cd5006efc4df53941c0735d6759"}
,"D:\\ASSESMENT1\\PHASE_2_ASS\\config\\config.js": {"path":"D:\\ASSESMENT1\\PHASE_2_ASS\\config\\config.js","statementMap":{"0":{"start":{"line":1,"column":0},"end":{"line":1,"column":27}},"1":{"start":{"line":3,"column":0},"end":{"line":3,"column":10}},"2":{"start":{"line":5,"column":0},"end":{"line":5,"column":35}},"3":{"start":{"line":6,"column":0},"end":{"line":6,"column":35}},"4":{"start":{"line":7,"column":0},"end":{"line":7,"column":35}},"5":{"start":{"line":8,"column":0},"end":{"line":8,"column":35}},"6":{"start":{"line":9,"column":0},"end":{"line":9,"column":43}},"7":{"start":{"line":10,"column":0},"end":{"line":10,"column":41}},"8":{"start":{"line":11,"column":0},"end":{"line":11,"column":52}},"9":{"start":{"line":12,"column":0},"end":{"line":12,"column":60}},"10":{"start":{"line":13,"column":0},"end":{"line":13,"column":58}},"11":{"start":{"line":14,"column":0},"end":{"line":14,"column":56}},"12":{"start":{"line":15,"column":0},"end":{"line":15,"column":64}},"13":{"start":{"line":16,"column":0},"end":{"line":16,"column":62}},"14":{"start":{"line":18,"column":0},"end":{"line":18,"column":28}},"15":{"start":{"line":19,"column":0},"end":{"line":19,"column":32}},"16":{"start":{"line":20,"column":0},"end":{"line":20,"column":23}},"17":{"start":{"line":21,"column":0},"end":{"line":21,"column":33}},"18":{"start":{"line":22,"column":0},"end":{"line":22,"column":30}}},"fnMap":{},"branchMap":{},"s":{"0":1,"1":1,"2":1,"3":1,"4":1,"5":1,"6":1,"7":1,"8":1,"9":1,"10":1,"11":1,"12":1,"13":1,"14":1,"15":1,"16":1,"17":1,"18":1},"f":{},"b":{},"_coverageSchema":"1a1c01bbd47fc00a2c39e90264f33305004495a9","hash":"f2c64263959e9060f904a254daaf326e8db622ff"}
,"D:\\ASSESMENT1\\PHASE_2_ASS\\config\\constant.js": {"path":"D:\\ASSESMENT1\\PHASE_2_ASS\\config\\constant.js","statementMap":{"0":{"start":{"line":1,"column":0},"end":{"line":1,"column":20}},"1":{"start":{"line":3,"column":0},"end":{"line":3,"column":14}},"2":{"start":{"line":5,"column":0},"end":{"line":8,"column":2}}},"fnMap":{},"branchMap":{},"s":{"0":1,"1":1,"2":1},"f":{},"b":{},"_coverageSchema":"1a1c01bbd47fc00a2c39e90264f33305004495a9","hash":"4f52a7043e3a53894be3b14f2e24f9232fe348b4"}
,"D:\\ASSESMENT1\\PHASE_2_ASS\\controller\\taxController\\taxController.js": {"path":"D:\\ASSESMENT1\\PHASE_2_ASS\\controller\\taxController\\taxController.js","statementMap":{"0":{"start":{"line":1,"column":14},"end":{"line":1,"column":32}},"1":{"start":{"line":2,"column":13},"end":{"line":2,"column":29}},"2":{"start":{"line":3,"column":0},"end":{"line":3,"column":31}},"3":{"start":{"line":6,"column":19},"end":{"line":6,"column":79}},"4":{"start":{"line":7,"column":17},"end":{"line":7,"column":60}},"5":{"start":{"line":8,"column":17},"end":{"line":8,"column":63}},"6":{"start":{"line":9,"column":22},"end":{"line":9,"column":54}},"7":{"start":{"line":25,"column":21},"end":{"line":29,"column":1}},"8":{"start":{"line":26,"column":17},"end":{"line":26,"column":62}},"9":{"start":{"line":27,"column":2},"end":{"line":27,"column":34}},"10":{"start":{"line":27,"column":10},"end":{"line":27,"column":34}},"11":{"start":{"line":28,"column":2},"end":{"line":28,"column":36}},"12":{"start":{"line":28,"column":11},"end":{"line":28,"column":36}},"13":{"start":{"line":30,"column":0},"end":{"line":30,"column":45}},"14":{"start":{"line":46,"column":21},"end":{"line":50,"column":1}},"15":{"start":{"line":47,"column":17},"end":{"line":47,"column":62}},"16":{"start":{"line":48,"column":2},"end":{"line":48,"column":34}},"17":{"start":{"line":48,"column":10},"end":{"line":48,"column":34}},"18":{"start":{"line":49,"column":2},"end":{"line":49,"column":36}},"19":{"start":{"line":49,"column":11},"end":{"line":49,"column":36}},"20":{"start":{"line":51,"column":0},"end":{"line":51,"column":45}},"21":{"start":{"line":69,"column":21},"end":{"line":73,"column":1}},"22":{"start":{"line":70,"column":17},"end":{"line":70,"column":54}},"23":{"start":{"line":71,"column":2},"end":{"line":71,"column":34}},"24":{"start":{"line":71,"column":10},"end":{"line":71,"column":34}},"25":{"start":{"line":72,"column":2},"end":{"line":72,"column":36}},"26":{"start":{"line":72,"column":11},"end":{"line":72,"column":36}},"27":{"start":{"line":74,"column":0},"end":{"line":74,"column":45}},"28":{"start":{"line":90,"column":21},"end":{"line":94,"column":1}},"29":{"start":{"line":91,"column":17},"end":{"line":91,"column":65}},"30":{"start":{"line":92,"column":2},"end":{"line":92,"column":34}},"31":{"start":{"line":92,"column":10},"end":{"line":92,"column":34}},"32":{"start":{"line":93,"column":2},"end":{"line":93,"column":36}},"33":{"start":{"line":93,"column":11},"end":{"line":93,"column":36}},"34":{"start":{"line":95,"column":0},"end":{"line":95,"column":45}},"35":{"start":{"line":111,"column":21},"end":{"line":115,"column":1}},"36":{"start":{"line":112,"column":17},"end":{"line":112,"column":65}},"37":{"start":{"line":113,"column":2},"end":{"line":113,"column":34}},"38":{"start":{"line":113,"column":10},"end":{"line":113,"column":34}},"39":{"start":{"line":114,"column":2},"end":{"line":114,"column":36}},"40":{"start":{"line":114,"column":11},"end":{"line":114,"column":36}},"41":{"start":{"line":116,"column":0},"end":{"line":116,"column":45}},"42":{"start":{"line":133,"column":16},"end":{"line":137,"column":1}},"43":{"start":{"line":134,"column":17},"end":{"line":134,"column":57}},"44":{"start":{"line":135,"column":2},"end":{"line":135,"column":34}},"45":{"start":{"line":135,"column":10},"end":{"line":135,"column":34}},"46":{"start":{"line":136,"column":2},"end":{"line":136,"column":36}},"47":{"start":{"line":136,"column":11},"end":{"line":136,"column":36}},"48":{"start":{"line":138,"column":0},"end":{"line":138,"column":35}},"49":{"start":{"line":141,"column":29},"end":{"line":145,"column":1}},"50":{"start":{"line":142,"column":17},"end":{"line":142,"column":95}},"51":{"start":{"line":143,"column":2},"end":{"line":143,"column":34}},"52":{"start":{"line":143,"column":10},"end":{"line":143,"column":34}},"53":{"start":{"line":144,"column":2},"end":{"line":144,"column":36}},"54":{"start":{"line":144,"column":11},"end":{"line":144,"column":36}},"55":{"start":{"line":146,"column":0},"end":{"line":146,"column":61}},"56":{"start":{"line":149,"column":0},"end":{"line":149,"column":47}},"57":{"start":{"line":150,"column":0},"end":{"line":150,"column":105}},"58":{"start":{"line":151,"column":0},"end":{"line":151,"column":107}},"59":{"start":{"line":152,"column":0},"end":{"line":152,"column":39}},"60":{"start":{"line":153,"column":0},"end":{"line":153,"column":103}},"61":{"start":{"line":154,"column":0},"end":{"line":154,"column":103}},"62":{"start":{"line":155,"column":0},"end":{"line":155,"column":94}}},"fnMap":{"0":{"name":"(anonymous_0)","decl":{"start":{"line":25,"column":21},"end":{"line":25,"column":22}},"loc":{"start":{"line":25,"column":44},"end":{"line":29,"column":1}},"line":25},"1":{"name":"(anonymous_1)","decl":{"start":{"line":46,"column":21},"end":{"line":46,"column":22}},"loc":{"start":{"line":46,"column":44},"end":{"line":50,"column":1}},"line":46},"2":{"name":"(anonymous_2)","decl":{"start":{"line":69,"column":21},"end":{"line":69,"column":22}},"loc":{"start":{"line":69,"column":44},"end":{"line":73,"column":1}},"line":69},"3":{"name":"(anonymous_3)","decl":{"start":{"line":90,"column":21},"end":{"line":90,"column":22}},"loc":{"start":{"line":90,"column":44},"end":{"line":94,"column":1}},"line":90},"4":{"name":"(anonymous_4)","decl":{"start":{"line":111,"column":21},"end":{"line":111,"column":22}},"loc":{"start":{"line":111,"column":44},"end":{"line":115,"column":1}},"line":111},"5":{"name":"(anonymous_5)","decl":{"start":{"line":133,"column":16},"end":{"line":133,"column":17}},"loc":{"start":{"line":133,"column":39},"end":{"line":137,"column":1}},"line":133},"6":{"name":"(anonymous_6)","decl":{"start":{"line":141,"column":29},"end":{"line":141,"column":30}},"loc":{"start":{"line":141,"column":52},"end":{"line":145,"column":1}},"line":141}},"branchMap":{"0":{"loc":{"start":{"line":27,"column":2},"end":{"line":27,"column":34}},"type":"if","locations":[{"start":{"line":27,"column":2},"end":{"line":27,"column":34}},{"start":{},"end":{}}],"line":27},"1":{"loc":{"start":{"line":28,"column":2},"end":{"line":28,"column":36}},"type":"if","locations":[{"start":{"line":28,"column":2},"end":{"line":28,"column":36}},{"start":{},"end":{}}],"line":28},"2":{"loc":{"start":{"line":48,"column":2},"end":{"line":48,"column":34}},"type":"if","locations":[{"start":{"line":48,"column":2},"end":{"line":48,"column":34}},{"start":{},"end":{}}],"line":48},"3":{"loc":{"start":{"line":49,"column":2},"end":{"line":49,"column":36}},"type":"if","locations":[{"start":{"line":49,"column":2},"end":{"line":49,"column":36}},{"start":{},"end":{}}],"line":49},"4":{"loc":{"start":{"line":71,"column":2},"end":{"line":71,"column":34}},"type":"if","locations":[{"start":{"line":71,"column":2},"end":{"line":71,"column":34}},{"start":{},"end":{}}],"line":71},"5":{"loc":{"start":{"line":72,"column":2},"end":{"line":72,"column":36}},"type":"if","locations":[{"start":{"line":72,"column":2},"end":{"line":72,"column":36}},{"start":{},"end":{}}],"line":72},"6":{"loc":{"start":{"line":92,"column":2},"end":{"line":92,"column":34}},"type":"if","locations":[{"start":{"line":92,"column":2},"end":{"line":92,"column":34}},{"start":{},"end":{}}],"line":92},"7":{"loc":{"start":{"line":93,"column":2},"end":{"line":93,"column":36}},"type":"if","locations":[{"start":{"line":93,"column":2},"end":{"line":93,"column":36}},{"start":{},"end":{}}],"line":93},"8":{"loc":{"start":{"line":113,"column":2},"end":{"line":113,"column":34}},"type":"if","locations":[{"start":{"line":113,"column":2},"end":{"line":113,"column":34}},{"start":{},"end":{}}],"line":113},"9":{"loc":{"start":{"line":114,"column":2},"end":{"line":114,"column":36}},"type":"if","locations":[{"start":{"line":114,"column":2},"end":{"line":114,"column":36}},{"start":{},"end":{}}],"line":114},"10":{"loc":{"start":{"line":135,"column":2},"end":{"line":135,"column":34}},"type":"if","locations":[{"start":{"line":135,"column":2},"end":{"line":135,"column":34}},{"start":{},"end":{}}],"line":135},"11":{"loc":{"start":{"line":136,"column":2},"end":{"line":136,"column":36}},"type":"if","locations":[{"start":{"line":136,"column":2},"end":{"line":136,"column":36}},{"start":{},"end":{}}],"line":136},"12":{"loc":{"start":{"line":142,"column":60},"end":{"line":142,"column":93}},"type":"cond-expr","locations":[{"start":{"line":142,"column":78},"end":{"line":142,"column":86}},{"start":{"line":142,"column":89},"end":{"line":142,"column":93}}],"line":142},"13":{"loc":{"start":{"line":142,"column":60},"end":{"line":142,"column":75}},"type":"binary-expr","locations":[{"start":{"line":142,"column":60},"end":{"line":142,"column":63}},{"start":{"line":142,"column":67},"end":{"line":142,"column":75}}],"line":142},"14":{"loc":{"start":{"line":143,"column":2},"end":{"line":143,"column":34}},"type":"if","locations":[{"start":{"line":143,"column":2},"end":{"line":143,"column":34}},{"start":{},"end":{}}],"line":143},"15":{"loc":{"start":{"line":144,"column":2},"end":{"line":144,"column":36}},"type":"if","locations":[{"start":{"line":144,"column":2},"end":{"line":144,"column":36}},{"start":{},"end":{}}],"line":144}},"s":{"0":1,"1":1,"2":1,"3":1,"4":1,"5":1,"6":1,"7":1,"8":0,"9":0,"10":0,"11":0,"12":0,"13":1,"14":1,"15":0,"16":0,"17":0,"18":0,"19":0,"20":1,"21":1,"22":0,"23":0,"24":0,"25":0,"26":0,"27":1,"28":1,"29":0,"30":0,"31":0,"32":0,"33":0,"34":1,"35":1,"36":0,"37":0,"38":0,"39":0,"40":0,"41":1,"42":1,"43":0,"44":0,"45":0,"46":0,"47":0,"48":1,"49":1,"50":2,"51":2,"52":2,"53":0,"54":0,"55":1,"56":1,"57":1,"58":1,"59":1,"60":1,"61":1,"62":1},"f":{"0":0,"1":0,"2":0,"3":0,"4":0,"5":0,"6":2},"b":{"0":[0,0],"1":[0,0],"2":[0,0],"3":[0,0],"4":[0,0],"5":[0,0],"6":[0,0],"7":[0,0],"8":[0,0],"9":[0,0],"10":[0,0],"11":[0,0],"12":[2,0],"13":[2,2],"14":[2,0],"15":[0,0]},"_coverageSchema":"1a1c01bbd47fc00a2c39e90264f33305004495a9","hash":"dffe4ad8cf9c613608749efeb1ade45aaaf8ed30"}
,"D:\\ASSESMENT1\\PHASE_2_ASS\\routes\\validators\\taxValidator\\taxValidator.js": {"path":"D:\\ASSESMENT1\\PHASE_2_ASS\\routes\\validators\\taxValidator\\taxValidator.js","statementMap":{"0":{"start":{"line":1,"column":15},"end":{"line":1,"column":43}},"1":{"start":{"line":3,"column":23},"end":{"line":28,"column":1}},"2":{"start":{"line":29,"column":0},"end":{"line":29,"column":49}}},"fnMap":{},"branchMap":{},"s":{"0":1,"1":1,"2":1},"f":{},"b":{},"_coverageSchema":"1a1c01bbd47fc00a2c39e90264f33305004495a9","hash":"7e35cf845ebf88a3d2de69780ea1979fb54b307a"}
,"D:\\ASSESMENT1\\PHASE_2_ASS\\service\\taxService\\taxService.js": {"path":"D:\\ASSESMENT1\\PHASE_2_ASS\\service\\taxService\\taxService.js","statementMap":{"0":{"start":{"line":1,"column":19},"end":{"line":1,"column":51}},"1":{"start":{"line":2,"column":15},"end":{"line":2,"column":47}},"2":{"start":{"line":3,"column":15},"end":{"line":3,"column":52}},"3":{"start":{"line":4,"column":14},"end":{"line":4,"column":53}},"4":{"start":{"line":5,"column":15},"end":{"line":5,"column":47}},"5":{"start":{"line":22,"column":21},"end":{"line":26,"column":1}},"6":{"start":{"line":23,"column":17},"end":{"line":23,"column":51}},"7":{"start":{"line":24,"column":2},"end":{"line":24,"column":33}},"8":{"start":{"line":24,"column":10},"end":{"line":24,"column":33}},"9":{"start":{"line":25,"column":2},"end":{"line":25,"column":23}},"10":{"start":{"line":25,"column":11},"end":{"line":25,"column":23}},"11":{"start":{"line":27,"column":0},"end":{"line":27,"column":45}},"12":{"start":{"line":43,"column":21},"end":{"line":47,"column":1}},"13":{"start":{"line":44,"column":17},"end":{"line":44,"column":51}},"14":{"start":{"line":45,"column":2},"end":{"line":45,"column":33}},"15":{"start":{"line":45,"column":10},"end":{"line":45,"column":33}},"16":{"start":{"line":46,"column":2},"end":{"line":46,"column":23}},"17":{"start":{"line":46,"column":11},"end":{"line":46,"column":23}},"18":{"start":{"line":48,"column":0},"end":{"line":48,"column":45}},"19":{"start":{"line":64,"column":21},"end":{"line":70,"column":1}},"20":{"start":{"line":65,"column":17},"end":{"line":67,"column":5}},"21":{"start":{"line":68,"column":2},"end":{"line":68,"column":33}},"22":{"start":{"line":68,"column":10},"end":{"line":68,"column":33}},"23":{"start":{"line":69,"column":2},"end":{"line":69,"column":23}},"24":{"start":{"line":69,"column":11},"end":{"line":69,"column":23}},"25":{"start":{"line":71,"column":0},"end":{"line":71,"column":45}},"26":{"start":{"line":87,"column":21},"end":{"line":97,"column":1}},"27":{"start":{"line":88,"column":17},"end":{"line":94,"column":4}},"28":{"start":{"line":95,"column":2},"end":{"line":95,"column":33}},"29":{"start":{"line":95,"column":10},"end":{"line":95,"column":33}},"30":{"start":{"line":96,"column":2},"end":{"line":96,"column":23}},"31":{"start":{"line":96,"column":11},"end":{"line":96,"column":23}},"32":{"start":{"line":98,"column":0},"end":{"line":98,"column":45}},"33":{"start":{"line":114,"column":21},"end":{"line":124,"column":1}},"34":{"start":{"line":115,"column":17},"end":{"line":121,"column":4}},"35":{"start":{"line":122,"column":2},"end":{"line":122,"column":33}},"36":{"start":{"line":122,"column":10},"end":{"line":122,"column":33}},"37":{"start":{"line":123,"column":2},"end":{"line":123,"column":23}},"38":{"start":{"line":123,"column":11},"end":{"line":123,"column":23}},"39":{"start":{"line":125,"column":0},"end":{"line":125,"column":45}},"40":{"start":{"line":141,"column":16},"end":{"line":172,"column":1}},"41":{"start":{"line":142,"column":20},"end":{"line":146,"column":5}},"42":{"start":{"line":147,"column":2},"end":{"line":147,"column":37}},"43":{"start":{"line":147,"column":12},"end":{"line":147,"column":37}},"44":{"start":{"line":148,"column":2},"end":{"line":148,"column":39}},"45":{"start":{"line":148,"column":12},"end":{"line":148,"column":39}},"46":{"start":{"line":150,"column":19},"end":{"line":150,"column":53}},"47":{"start":{"line":151,"column":4},"end":{"line":151,"column":35}},"48":{"start":{"line":151,"column":12},"end":{"line":151,"column":35}},"49":{"start":{"line":152,"column":4},"end":{"line":152,"column":35}},"50":{"start":{"line":153,"column":4},"end":{"line":159,"column":6}},"51":{"start":{"line":154,"column":6},"end":{"line":156,"column":6}},"52":{"start":{"line":155,"column":8},"end":{"line":155,"column":25}},"53":{"start":{"line":156,"column":6},"end":{"line":158,"column":5}},"54":{"start":{"line":157,"column":6},"end":{"line":157,"column":24}},"55":{"start":{"line":161,"column":2},"end":{"line":169,"column":5}},"56":{"start":{"line":170,"column":2},"end":{"line":170,"column":34}},"57":{"start":{"line":170,"column":11},"end":{"line":170,"column":34}},"58":{"start":{"line":171,"column":2},"end":{"line":171,"column":25}},"59":{"start":{"line":171,"column":12},"end":{"line":171,"column":25}},"60":{"start":{"line":173,"column":2},"end":{"line":173,"column":37}},"61":{"start":{"line":176,"column":31},"end":{"line":222,"column":1}},"62":{"start":{"line":177,"column":23},"end":{"line":177,"column":24}},"63":{"start":{"line":179,"column":19},"end":{"line":186,"column":7}},"64":{"start":{"line":188,"column":4},"end":{"line":188,"column":35}},"65":{"start":{"line":188,"column":12},"end":{"line":188,"column":35}},"66":{"start":{"line":189,"column":4},"end":{"line":190,"column":39}},"67":{"start":{"line":190,"column":8},"end":{"line":190,"column":39}},"68":{"start":{"line":192,"column":4},"end":{"line":193,"column":53}},"69":{"start":{"line":193,"column":8},"end":{"line":193,"column":53}},"70":{"start":{"line":194,"column":4},"end":{"line":194,"column":43}},"71":{"start":{"line":196,"column":4},"end":{"line":220,"column":1}},"72":{"start":{"line":197,"column":35},"end":{"line":197,"column":55}},"73":{"start":{"line":198,"column":31},"end":{"line":201,"column":10}},"74":{"start":{"line":199,"column":12},"end":{"line":199,"column":48}},"75":{"start":{"line":200,"column":12},"end":{"line":200,"column":79}},"76":{"start":{"line":202,"column":8},"end":{"line":202,"column":44}},"77":{"start":{"line":203,"column":4},"end":{"line":218,"column":1}},"78":{"start":{"line":204,"column":10},"end":{"line":204,"column":46}},"79":{"start":{"line":205,"column":10},"end":{"line":205,"column":43}},"80":{"start":{"line":207,"column":4},"end":{"line":216,"column":5}},"81":{"start":{"line":208,"column":8},"end":{"line":208,"column":33}},"82":{"start":{"line":209,"column":8},"end":{"line":209,"column":56}},"83":{"start":{"line":210,"column":8},"end":{"line":210,"column":45}},"84":{"start":{"line":213,"column":8},"end":{"line":213,"column":37}},"85":{"start":{"line":214,"column":8},"end":{"line":214,"column":61}},"86":{"start":{"line":215,"column":8},"end":{"line":215,"column":53}},"87":{"start":{"line":223,"column":0},"end":{"line":223,"column":61}}},"fnMap":{"0":{"name":"(anonymous_0)","decl":{"start":{"line":22,"column":21},"end":{"line":22,"column":22}},"loc":{"start":{"line":22,"column":44},"end":{"line":26,"column":1}},"line":22},"1":{"name":"(anonymous_1)","decl":{"start":{"line":43,"column":21},"end":{"line":43,"column":22}},"loc":{"start":{"line":43,"column":44},"end":{"line":47,"column":1}},"line":43},"2":{"name":"(anonymous_2)","decl":{"start":{"line":64,"column":21},"end":{"line":64,"column":22}},"loc":{"start":{"line":64,"column":37},"end":{"line":70,"column":1}},"line":64},"3":{"name":"(anonymous_3)","decl":{"start":{"line":87,"column":21},"end":{"line":87,"column":22}},"loc":{"start":{"line":87,"column":44},"end":{"line":97,"column":1}},"line":87},"4":{"name":"(anonymous_4)","decl":{"start":{"line":114,"column":21},"end":{"line":114,"column":22}},"loc":{"start":{"line":114,"column":44},"end":{"line":124,"column":1}},"line":114},"5":{"name":"(anonymous_5)","decl":{"start":{"line":141,"column":16},"end":{"line":141,"column":17}},"loc":{"start":{"line":141,"column":39},"end":{"line":172,"column":1}},"line":141},"6":{"name":"(anonymous_6)","decl":{"start":{"line":176,"column":31},"end":{"line":176,"column":32}},"loc":{"start":{"line":176,"column":51},"end":{"line":222,"column":1}},"line":176},"7":{"name":"(anonymous_7)","decl":{"start":{"line":198,"column":55},"end":{"line":198,"column":56}},"loc":{"start":{"line":198,"column":67},"end":{"line":201,"column":9}},"line":198}},"branchMap":{"0":{"loc":{"start":{"line":24,"column":2},"end":{"line":24,"column":33}},"type":"if","locations":[{"start":{"line":24,"column":2},"end":{"line":24,"column":33}},{"start":{},"end":{}}],"line":24},"1":{"loc":{"start":{"line":25,"column":2},"end":{"line":25,"column":23}},"type":"if","locations":[{"start":{"line":25,"column":2},"end":{"line":25,"column":23}},{"start":{},"end":{}}],"line":25},"2":{"loc":{"start":{"line":45,"column":2},"end":{"line":45,"column":33}},"type":"if","locations":[{"start":{"line":45,"column":2},"end":{"line":45,"column":33}},{"start":{},"end":{}}],"line":45},"3":{"loc":{"start":{"line":46,"column":2},"end":{"line":46,"column":23}},"type":"if","locations":[{"start":{"line":46,"column":2},"end":{"line":46,"column":23}},{"start":{},"end":{}}],"line":46},"4":{"loc":{"start":{"line":68,"column":2},"end":{"line":68,"column":33}},"type":"if","locations":[{"start":{"line":68,"column":2},"end":{"line":68,"column":33}},{"start":{},"end":{}}],"line":68},"5":{"loc":{"start":{"line":69,"column":2},"end":{"line":69,"column":23}},"type":"if","locations":[{"start":{"line":69,"column":2},"end":{"line":69,"column":23}},{"start":{},"end":{}}],"line":69},"6":{"loc":{"start":{"line":95,"column":2},"end":{"line":95,"column":33}},"type":"if","locations":[{"start":{"line":95,"column":2},"end":{"line":95,"column":33}},{"start":{},"end":{}}],"line":95},"7":{"loc":{"start":{"line":96,"column":2},"end":{"line":96,"column":23}},"type":"if","locations":[{"start":{"line":96,"column":2},"end":{"line":96,"column":23}},{"start":{},"end":{}}],"line":96},"8":{"loc":{"start":{"line":122,"column":2},"end":{"line":122,"column":33}},"type":"if","locations":[{"start":{"line":122,"column":2},"end":{"line":122,"column":33}},{"start":{},"end":{}}],"line":122},"9":{"loc":{"start":{"line":123,"column":2},"end":{"line":123,"column":23}},"type":"if","locations":[{"start":{"line":123,"column":2},"end":{"line":123,"column":23}},{"start":{},"end":{}}],"line":123},"10":{"loc":{"start":{"line":147,"column":2},"end":{"line":147,"column":37}},"type":"if","locations":[{"start":{"line":147,"column":2},"end":{"line":147,"column":37}},{"start":{},"end":{}}],"line":147},"11":{"loc":{"start":{"line":148,"column":2},"end":{"line":148,"column":39}},"type":"if","locations":[{"start":{"line":148,"column":2},"end":{"line":148,"column":39}},{"start":{},"end":{}}],"line":148},"12":{"loc":{"start":{"line":151,"column":4},"end":{"line":151,"column":35}},"type":"if","locations":[{"start":{"line":151,"column":4},"end":{"line":151,"column":35}},{"start":{},"end":{}}],"line":151},"13":{"loc":{"start":{"line":153,"column":4},"end":{"line":159,"column":6}},"type":"if","locations":[{"start":{"line":153,"column":4},"end":{"line":159,"column":6}},{"start":{},"end":{}}],"line":153},"14":{"loc":{"start":{"line":154,"column":6},"end":{"line":156,"column":6}},"type":"if","locations":[{"start":{"line":154,"column":6},"end":{"line":156,"column":6}},{"start":{},"end":{}}],"line":154},"15":{"loc":{"start":{"line":156,"column":6},"end":{"line":158,"column":5}},"type":"if","locations":[{"start":{"line":156,"column":6},"end":{"line":158,"column":5}},{"start":{},"end":{}}],"line":156},"16":{"loc":{"start":{"line":170,"column":2},"end":{"line":170,"column":34}},"type":"if","locations":[{"start":{"line":170,"column":2},"end":{"line":170,"column":34}},{"start":{},"end":{}}],"line":170},"17":{"loc":{"start":{"line":171,"column":2},"end":{"line":171,"column":25}},"type":"if","locations":[{"start":{"line":171,"column":2},"end":{"line":171,"column":25}},{"start":{},"end":{}}],"line":171},"18":{"loc":{"start":{"line":188,"column":4},"end":{"line":188,"column":35}},"type":"if","locations":[{"start":{"line":188,"column":4},"end":{"line":188,"column":35}},{"start":{},"end":{}}],"line":188},"19":{"loc":{"start":{"line":189,"column":4},"end":{"line":190,"column":39}},"type":"if","locations":[{"start":{"line":189,"column":4},"end":{"line":190,"column":39}},{"start":{},"end":{}}],"line":189},"20":{"loc":{"start":{"line":189,"column":7},"end":{"line":189,"column":85}},"type":"binary-expr","locations":[{"start":{"line":189,"column":7},"end":{"line":189,"column":11}},{"start":{"line":189,"column":15},"end":{"line":189,"column":44}},{"start":{"line":189,"column":48},"end":{"line":189,"column":85}}],"line":189},"21":{"loc":{"start":{"line":192,"column":4},"end":{"line":193,"column":53}},"type":"if","locations":[{"start":{"line":192,"column":4},"end":{"line":193,"column":53}},{"start":{},"end":{}}],"line":192},"22":{"loc":{"start":{"line":192,"column":7},"end":{"line":192,"column":104}},"type":"binary-expr","locations":[{"start":{"line":192,"column":7},"end":{"line":192,"column":11}},{"start":{"line":192,"column":15},"end":{"line":192,"column":48}},{"start":{"line":192,"column":52},"end":{"line":192,"column":104}}],"line":192},"23":{"loc":{"start":{"line":196,"column":4},"end":{"line":220,"column":1}},"type":"if","locations":[{"start":{"line":196,"column":4},"end":{"line":220,"column":1}},{"start":{},"end":{}}],"line":196},"24":{"loc":{"start":{"line":196,"column":8},"end":{"line":196,"column":36}},"type":"binary-expr","locations":[{"start":{"line":196,"column":8},"end":{"line":196,"column":12}},{"start":{"line":196,"column":16},"end":{"line":196,"column":36}}],"line":196},"25":{"loc":{"start":{"line":200,"column":19},"end":{"line":200,"column":79}},"type":"binary-expr","locations":[{"start":{"line":200,"column":19},"end":{"line":200,"column":48}},{"start":{"line":200,"column":52},"end":{"line":200,"column":79}}],"line":200},"26":{"loc":{"start":{"line":203,"column":4},"end":{"line":218,"column":1}},"type":"if","locations":[{"start":{"line":203,"column":4},"end":{"line":218,"column":1}},{"start":{},"end":{}}],"line":203},"27":{"loc":{"start":{"line":207,"column":4},"end":{"line":216,"column":5}},"type":"if","locations":[{"start":{"line":207,"column":4},"end":{"line":216,"column":5}},{"start":{"line":212,"column":9},"end":{"line":216,"column":5}}],"line":207},"28":{"loc":{"start":{"line":207,"column":7},"end":{"line":207,"column":41}},"type":"binary-expr","locations":[{"start":{"line":207,"column":7},"end":{"line":207,"column":11}},{"start":{"line":207,"column":15},"end":{"line":207,"column":41}}],"line":207}},"s":{"0":1,"1":1,"2":1,"3":1,"4":1,"5":1,"6":0,"7":0,"8":0,"9":0,"10":0,"11":1,"12":1,"13":0,"14":0,"15":0,"16":0,"17":0,"18":1,"19":1,"20":0,"21":0,"22":0,"23":0,"24":0,"25":1,"26":1,"27":0,"28":0,"29":0,"30":0,"31":0,"32":1,"33":1,"34":0,"35":0,"36":0,"37":0,"38":0,"39":1,"40":1,"41":0,"42":0,"43":0,"44":0,"45":0,"46":0,"47":0,"48":0,"49":0,"50":0,"51":0,"52":0,"53":0,"54":0,"55":0,"56":0,"57":0,"58":0,"59":0,"60":1,"61":1,"62":2,"63":2,"64":0,"65":0,"66":0,"67":0,"68":0,"69":0,"70":0,"71":0,"72":0,"73":0,"74":0,"75":0,"76":0,"77":0,"78":0,"79":0,"80":0,"81":0,"82":0,"83":0,"84":0,"85":0,"86":0,"87":1},"f":{"0":0,"1":0,"2":0,"3":0,"4":0,"5":0,"6":2,"7":0},"b":{"0":[0,0],"1":[0,0],"2":[0,0],"3":[0,0],"4":[0,0],"5":[0,0],"6":[0,0],"7":[0,0],"8":[0,0],"9":[0,0],"10":[0,0],"11":[0,0],"12":[0,0],"13":[0,0],"14":[0,0],"15":[0,0],"16":[0,0],"17":[0,0],"18":[0,0],"19":[0,0],"20":[0,0,0],"21":[0,0],"22":[0,0,0],"23":[0,0],"24":[0,0],"25":[0,0],"26":[0,0],"27":[0,0],"28":[0,0]},"_coverageSchema":"1a1c01bbd47fc00a2c39e90264f33305004495a9","hash":"dd49cbea966b051cd939aa7209181bd83b6ea01a"}
}
