TN:
SF:global_function.js
FN:3,(anonymous_0)
FN:12,(anonymous_1)
FN:23,(anonymous_2)
FN:25,(anonymous_3)
FN:28,(anonymous_4)
FN:35,(anonymous_5)
FN:43,(anonymous_6)
FNF:7
FNH:6
FNDA:13,(anonymous_0)
FNDA:6,(anonymous_1)
FNDA:39,(anonymous_2)
FNDA:18,(anonymous_3)
FNDA:21,(anonymous_4)
FNDA:9,(anonymous_5)
FNDA:0,(anonymous_6)
DA:1,1
DA:3,1
DA:4,13
DA:5,13
DA:8,13
DA:9,13
DA:12,1
DA:13,6
DA:15,6
DA:16,6
DA:19,6
DA:20,6
DA:23,1
DA:24,39
DA:27,18
DA:30,21
DA:35,1
DA:36,9
DA:39,9
DA:43,1
DA:47,1
LF:21
LH:21
BRDA:4,0,0,13
BRDA:4,0,1,0
BRDA:4,1,0,13
BRDA:4,1,1,13
BRDA:8,2,0,13
BRDA:8,2,1,0
BRDA:15,3,0,6
BRDA:15,3,1,0
BRDA:19,4,0,6
BRDA:19,4,1,0
BRDA:36,5,0,0
BRDA:36,5,1,9
BRF:12
BRH:7
end_of_record
TN:
SF:config\config.js
FNF:0
FNH:0
DA:1,1
DA:3,1
DA:5,1
DA:6,1
DA:7,1
DA:8,1
DA:9,1
DA:10,1
DA:11,1
DA:12,1
DA:13,1
DA:14,1
DA:15,1
DA:16,1
DA:18,1
DA:19,1
DA:20,1
DA:21,1
DA:22,1
LF:19
LH:19
BRF:0
BRH:0
end_of_record
TN:
SF:config\constant.js
FNF:0
FNH:0
DA:1,1
DA:3,1
DA:5,1
LF:3
LH:3
BRF:0
BRH:0
end_of_record
TN:
SF:controller\taxController\taxController.js
FN:25,(anonymous_0)
FN:46,(anonymous_1)
FN:69,(anonymous_2)
FN:90,(anonymous_3)
FN:111,(anonymous_4)
FN:133,(anonymous_5)
FN:141,(anonymous_6)
FNF:7
FNH:7
FNDA:2,(anonymous_0)
FNDA:2,(anonymous_1)
FNDA:2,(anonymous_2)
FNDA:2,(anonymous_3)
FNDA:2,(anonymous_4)
FNDA:5,(anonymous_5)
FNDA:4,(anonymous_6)
DA:1,1
DA:2,1
DA:3,1
DA:6,1
DA:7,1
DA:8,1
DA:9,1
DA:25,1
DA:26,2
DA:27,2
DA:28,1
DA:30,1
DA:46,1
DA:47,2
DA:48,2
DA:49,1
DA:51,1
DA:69,1
DA:70,2
DA:71,2
DA:72,1
DA:74,1
DA:90,1
DA:91,2
DA:92,2
DA:93,1
DA:95,1
DA:111,1
DA:112,2
DA:113,2
DA:114,1
DA:116,1
DA:133,1
DA:134,5
DA:135,5
DA:136,1
DA:138,1
DA:141,1
DA:142,4
DA:143,4
DA:144,0
DA:146,1
DA:149,1
DA:150,1
DA:151,1
DA:152,1
DA:153,1
DA:154,1
DA:155,1
LF:49
LH:48
BRDA:27,0,0,1
BRDA:27,0,1,1
BRDA:28,1,0,1
BRDA:28,1,1,0
BRDA:48,2,0,1
BRDA:48,2,1,1
BRDA:49,3,0,1
BRDA:49,3,1,0
BRDA:71,4,0,1
BRDA:71,4,1,1
BRDA:72,5,0,1
BRDA:72,5,1,0
BRDA:92,6,0,1
BRDA:92,6,1,1
BRDA:93,7,0,1
BRDA:93,7,1,0
BRDA:113,8,0,1
BRDA:113,8,1,1
BRDA:114,9,0,1
BRDA:114,9,1,0
BRDA:135,10,0,4
BRDA:135,10,1,1
BRDA:136,11,0,1
BRDA:136,11,1,0
BRDA:142,12,0,4
BRDA:142,12,1,0
BRDA:142,13,0,4
BRDA:142,13,1,4
BRDA:143,14,0,4
BRDA:143,14,1,0
BRDA:144,15,0,0
BRDA:144,15,1,0
BRF:32
BRH:22
end_of_record
TN:
SF:routes\validators\taxValidator\taxValidator.js
FNF:0
FNH:0
DA:1,1
DA:3,1
DA:29,1
LF:3
LH:3
BRF:0
BRH:0
end_of_record
TN:
SF:service\taxService\taxService.js
FN:22,(anonymous_0)
FN:43,(anonymous_1)
FN:64,(anonymous_2)
FN:87,(anonymous_3)
FN:114,(anonymous_4)
FN:141,(anonymous_5)
FN:176,(anonymous_6)
FN:198,(anonymous_7)
FNF:8
FNH:7
FNDA:2,(anonymous_0)
FNDA:2,(anonymous_1)
FNDA:2,(anonymous_2)
FNDA:2,(anonymous_3)
FNDA:2,(anonymous_4)
FNDA:5,(anonymous_5)
FNDA:4,(anonymous_6)
FNDA:0,(anonymous_7)
DA:1,1
DA:2,1
DA:3,1
DA:4,1
DA:5,1
DA:22,1
DA:23,2
DA:24,2
DA:25,1
DA:27,1
DA:43,1
DA:44,2
DA:45,2
DA:46,1
DA:48,1
DA:64,1
DA:65,2
DA:68,2
DA:69,1
DA:71,1
DA:87,1
DA:88,2
DA:95,2
DA:96,1
DA:98,1
DA:114,1
DA:115,2
DA:122,2
DA:123,1
DA:125,1
DA:141,1
DA:142,5
DA:147,5
DA:148,4
DA:150,3
DA:151,3
DA:152,2
DA:153,2
DA:154,2
DA:155,1
DA:156,2
DA:157,1
DA:161,2
DA:170,2
DA:171,1
DA:173,1
DA:176,1
DA:177,4
DA:179,4
DA:188,0
DA:189,0
DA:190,0
DA:192,0
DA:193,0
DA:194,0
DA:196,0
DA:197,0
DA:198,0
DA:199,0
DA:200,0
DA:202,0
DA:203,0
DA:204,0
DA:205,0
DA:207,0
DA:208,0
DA:209,0
DA:210,0
DA:213,0
DA:214,0
DA:215,0
DA:223,1
LF:72
LH:50
BRDA:24,0,0,1
BRDA:24,0,1,1
BRDA:25,1,0,1
BRDA:25,1,1,0
BRDA:45,2,0,1
BRDA:45,2,1,1
BRDA:46,3,0,1
BRDA:46,3,1,0
BRDA:68,4,0,1
BRDA:68,4,1,1
BRDA:69,5,0,1
BRDA:69,5,1,0
BRDA:95,6,0,1
BRDA:95,6,1,1
BRDA:96,7,0,1
BRDA:96,7,1,0
BRDA:122,8,0,1
BRDA:122,8,1,1
BRDA:123,9,0,1
BRDA:123,9,1,0
BRDA:147,10,0,1
BRDA:147,10,1,4
BRDA:148,11,0,1
BRDA:148,11,1,3
BRDA:151,12,0,1
BRDA:151,12,1,2
BRDA:153,13,0,2
BRDA:153,13,1,0
BRDA:154,14,0,1
BRDA:154,14,1,1
BRDA:156,15,0,1
BRDA:156,15,1,1
BRDA:170,16,0,1
BRDA:170,16,1,1
BRDA:171,17,0,1
BRDA:171,17,1,0
BRDA:188,18,0,0
BRDA:188,18,1,0
BRDA:189,19,0,0
BRDA:189,19,1,0
BRDA:189,20,0,0
BRDA:189,20,1,0
BRDA:189,20,2,0
BRDA:192,21,0,0
BRDA:192,21,1,0
BRDA:192,22,0,0
BRDA:192,22,1,0
BRDA:192,22,2,0
BRDA:196,23,0,0
BRDA:196,23,1,0
BRDA:196,24,0,0
BRDA:196,24,1,0
BRDA:200,25,0,0
BRDA:200,25,1,0
BRDA:203,26,0,0
BRDA:203,26,1,0
BRDA:207,27,0,0
BRDA:207,27,1,0
BRDA:207,28,0,0
BRDA:207,28,1,0
BRF:60
BRH:29
end_of_record
